[   0.000000] Initializing cgroup subsys cpuset
[    0.000000] Initializing cgroup subsys cpu
[    0.00000] Initializing cgroup subsys cpuacct
[    0.000000] Linux verion 4.4.0-137-generic (buildd@lgw01-amd64-037) (gcc version 5.4.0 20160609 (Ubuntu 5.4.0-6ubuntu1~16.04.10)  #163-Ubuntu SMP Mon Sep 24 13:14:43 UTC 2018 (Ubuntu 4.4.0-137.163-generic4.4.14)
[    0.000000] Command li: BOO_IMA=/oot/vmlinuz.40-137-generic rt=LABEL=cloudimg-rootfs ro console=tty1 console=ttyS0
[    0.000000] KERNEL supported cpus:
[    0.000000]   Intel GenuieIte
[    0.000000]   AMD AuthenticAMD
[    0.000000]   Centaur CentaurHauls
[    0.000000] x86/fpu: xstate_offset[2]:  576, xstate_sizes[2]:  256
[    0.000000] x86/fpu: Supporting XSAVE fature 001 '87 floatin pint registers'
[   0.000000] 86fp: Supporting XSAVE feature0x02: 'SSE registers'
[    0.000000] 86/fp SpportinXSVE feature 004 'VX regites'
[    0.000000 x6/pu: Enabled xstate features 0x7, context size is 832 bytes, using 'standad'fomat.
[    0.000000] e820: BIOS-provided physical RAM map:
[    0.000000] BIOS-e82 [mem 0x0000000000000000-0x000000000009fbff] usable
[    0.000000] BIO-e820: [mem 0x000000000fc0-0x000000000009ffff] reserved
[    0.000000] BIOS-e820: [mem 0x000000000f000-0x00000000000fffff] reserved
[    0.000000] BIOS-e820: [mem 0x0000000000100000-0x000000003ffeffff] usable
[    0.000000] BIOS-e820: [mem 0x000000003fff0000-0x000000003fffffff] ACPI data
[    0.000000] BIOS-e820: [mem 0x00000000fec00000-0x00000000fec00fff] reserved
[    0.000000] BIOS-e820: [mem 0x00000000fee00000-0x00000000fee00fff] reserved
[    0.000000] BIOS-e820: [mem 0x00000000fffc0000-0x00000000ffffffff] reserved
   0.000000] NX (Execute Disable) protection: active
[    0.000000] SMBIOS 2.5 present.
[    0.000000] Hypervisor detected: KVM
[    0.000000] e820: as_pn = 0x3fff0 max_arch_pfn = 0x400000000
[   0.0000] TRR: Diabed
[    0.000000] x86/PATMTRs disabled,skpping PAT initialization too.
[    0.000000] CPU MTRRs all blank - virtualized system.
[    0.000000] x86/PAT: Configuration [0-7]: WB  WT  UC- UC  WB  WT  UC- UC  
[    0.000000] found SMP MP-table at [mem 0x0009fff0-0x0009ffff] mapped at [ffff88000009fff0]
[    0.000000] Scanning 1 areas for low memory corruption
[    0.000000] RAMDISK: [mem 0x3630e000-0x3717efff]
[    0.000000] ACPI: Early table checksum verification disabled
[    0.000000] ACPI: RSDP 0x00000000000E0000 000024 (v02 VBOX  )
[    0.000000] ACPI: XSDT 0x000000003FFF0030 00003C (v01 VBOX   VBOXXSDT 00000001 ASL  0000061)
[    0.000000] ACPI: AC 0x0000003FF00F0 0000 (04 VBOX VOXFACP 00000001 ASL  00000061)
[    0.000000] ACPI: DSDT 0x000000003FFF0470 0021FF (v02 VBOX   VBOXBIOS 00000002 INTL 20100528)
[    0.000000] ACPI: FACS 0x000000003FFF0200 000040
[    0.000000] ACPI: FACS 0x000000003FFF0200 000040
[    0.000000] ACPI: APIC 0x000000003FFF0240 00005C (v02 VBOX   VBOXAPIC 00000001 ASL  00000061)
[    0.000000] ACPI: SSDT 0x000000003FFF02A0 0001CC (v01 VBOX   VBOXCPUT 00000002 INTL 20100528)
[    0.000000] No NUMA configuration found
[    0.000000] Faking a node at [mem 0x0000000000000000-0x000000003ffeffff]
[    0.000000] NODE_DATA(0) allocated [mem 0x3ffeb000-0x3ffeffff]
[    0.000000] kvm-clock: Using msrs 4b564d01 and 4b54d0
[    0.00000 km-clock: cpu 0, msr 03ffe301, priar cpu coc
    0.000000] kvm-clock: using sched offset f 3342335838 cycles
[    0.000000] clcksource: kvm-clck: mask: 0xffffffffffffffff max_cycles: 0x1cd42e4dffb, max_idle_ns: 881590591483 ns

[   0.000000] Zone ranges:
[    0.000000]   DMA      [mem 0x0000000000001000-0x0000000000ffffff]
   0.000000]   DMA32    [mem 0x0000000001000000-0x000000003ffeffff]
[    0.000000]   Normal   empty
[    0.000000]   Device   empty
   000000] Movable zone start for each node
[    0.000000] Early memory node ranges
[    0.000000]   node   0: [mem 0000000000001000-0x000000000009ff]
[   000000]   node   0: [mem 0x0000000000100000-0x00000003fefff]
[    0.000000] Initmem setup node 0 [mem 0x00000000001000-0x00000003fefff]
[    00000] ACPI: PM-TimerIOPort: 0x4008
[    000000 IAPC[0]: apic_id 2, erion 32, address 0xfe0000 GSI 0-
    0.000000] ACPI: INT_SR_OR bus 0 bus_irq 0 global_irq 2 dfl dfl)[   0.0000] CPI: INT_SRC_VR(bs 0 bus_irq 9 global_irq 9 low level)
[    0.000000] Using ACPI (MADT) for SMP configuration information
[    0.000000] smpboot: Allowing 2 CPUs, 0 hotplug CPUs
[    0.000000] PM: Registered nosave memory: [mem 0x00000000-0x00000fff]
[    0.000000] PM: Registered nosave memory: [mem 0x0009f000-0x0009ffff]
[    0.000000] PM: Registered nosave memory: [mem 0x000a0000-0x000effff]
[    0.000000] PM: Registered nosave memory: [mem 0x000ff0000-0x000fffff]
[    0.000000] e820: [mem 0x40000000-0xfebfffff] available for PCI device
[    0.000000] Booting paravirualized kernel on KVM
[    0.000000] clocksource: refined-jiffies: mask: 0xffffffff max_cycles: 0xfffffff,max_ide_s:7645519600211568 ns
[   .000000] setup_percpu: R_CPUS51 nr_cpuas_bts:512 nr_cpu_ids:2 nr_node_ids:1
[    0.000000] PERCPU: Embedded 34 pages/cpu @ffff88003fc00000 s99608 r8192 d31464 u1048576
[    0.000000] PV qspinlock hash table entries: 256 (order: 0, 496byes)
[    0.000000] Built 1 zonelists in Node order, mobility grouping on.  Total pages: 257912
[    0.000000] Policy zone: DMA32
[    0.000000] Krnl commndlie: BOOT_IMAGE/botvmlinuz-.40-37-generic root=LABEL=clodig-ootfs  cnsole=tty cnsole=tty0
[    00000] PID as tble entries: 4096 (orer 3 32768 bytes
   0.000000] Memory: 997716K/1048120K available (8555K kernel code, 1314K rwdata, 4004K rodata, 1528K init, 1316K bss, 50404K reserve 0K cma-reseve)
[    0.000000] SLUB: HWalign=64, Order=0-3, MinObjects=0, CPUs=2, Nodes=1
[    0.000000] Kernel/User page tables isolation: enabled
[    0.000000] Hierarchical RCU implementation.
[    0.000000] 	Build-time adjustment of leaf fanout to 64.
[    0.000000] 	RCU restricting CPUs from NR_CPUS=512 to nr_cpu_ids=2.
[    0.000000] RCU: Adjusting geometry for rcu_fanout_leaf=64, nr_cpu_ids=2
[    0.000000] NR_IRQS:33024 nr_irqs:440 16
[    0.000000] Console: colour VGA+ 80x25
[    0.000000] console [tty1] enabled
[    0.000000] console [ttyS0] enabled
[    0.000000] tsc: Detected 1599.999 MHz processor
[    4.528726] Calibrating delay loop (skipped) preset value.. 3199.99 BogoMIPS (lpj=6399996)
[    4.531211] pid_max: default: 32768 minimum: 301
[    4.532562] ACPI: Core revision 20150930
[    4.534965] ACPI: 2 ACPI AML tables successfully acquired and loaded
[    4.574442] Security Framework initialized
[    4.581459] Yama: becoming mindful.
[    4.591869] AppArmor: AppArmor initialized
[    4.598007] Dentry cache hash table entries: 131072 (order: 8, 1048576 bytes)
[    4.627801] Inode-cache hash table entries: 65536 (order: 7, 524288 bytes)
[    4.668769] Mount-cache hash table entries: 2048 (order: 2, 16384 bytes)
[    4.670387] Mountpoint-cache hash table entries: 2048 (order: 2, 16384 bytes)
[    4.672300] Initializing cgroup subsys io
[    4.676427] Initializing cgroup subsys memory
[    4.712328] Initializing cgroup subsys devices
[    4.733654] Initializing cgroup subsys freezer
[    4.734957] Initializing cgroup subsys net_cls
[    4.736492] Initializing cgroup subsys perf_event
[    4.776538] Initializing cgroup subsys net_prio
[    4.781514] Initializing cgroup subsys hugetlb
[    4.782717] Initializing cgroup subsys pids
[    4.784983] mce: CPU supports 0 MCE banks
[    4.786150] Last level iTLB entries: 4KB 64, 2MB 8, 4MB 8
[    4.795924] Last level dTLB entries: 4KB 64, 2MB 0, 4MB 0, 1GB 4
[    4.820106] Spectre V2 : Mitigation: Full generic retpoline
[    4.849173] Spectre V2 : Spectre v2 mitigation: Speculation control IBPB not-supported IBRS not-supported
[    4.892986] Spectre V2 : Spectre v2 / SpectreRSB mitigation: Filling RSB on context switch
[    4.921345] Speculative Store Bypass: Vulnerable
[    4.932961] Freeing SMP alternatives memory: 32K
[    4.973646] ftrace: allocating 32265 entries in 127 pages
[    5.055225] smpboot: APIC(0) Converting physical 0 to logical package 0
[    5.092578] smpboot: Max logical packages: 1
[    5.094063] x2apic enabled
[    5.104613] Switched APIC routing to physical x2apic.
[    5.134009] ..TIMER: vector=0x30 apic1=0 pin1=2 apic2=-1 pin2=-1
[    5.295937] smpboot: CPU0: Intel(R) Core(TM) i5-5250U CPU @ 1.60GHz (family: 0x6, model: 0x3d, stepping: 0x4)
[    5.370132] Performance Events: unsupported p6 CPU model 61 no PMU driver, software events only.
[    5.388756] KVM setup paravirtual spinlock
[    5.426594] x86: Booting SMP configuration:
[    5.454615] .... node  #0, CPUs:      #1
[    5.468257] kvm-clock: cpu 1, msr 0:3ffe3041, secondary cpu clock
[    5.470975] mce: CPU supports 0 MCE banks
[    5.473798] x86: Booted up 1 node, 2 CPUs
[    5.494701] smpboot: Total of 2 processors activated (6399.99 BogoMIPS)
[    5.511235] devtmpfs: initialized
[    5.532053] evm: security.selinux
[    5.549237] evm: security.SMACK64
[    5.562577] evm: security.SMACK64EXEC
[    5.568022] evm: security.SMACK64TRANSMUTE
[    5.586993] evm: security.SMACK64MMAP
[    5.594973] evm: security.ima
[    5.599301] evm: security.capability
[    5.617423] clocksource: jiffies: mask: 0xffffffff max_cycles: 0xffffffff, max_idle_ns: 7645041785100000 ns
[    5.630020] futex hash table entries: 512 (order: 3, 32768 bytes)
[    5.631998] pinctrl core: initialized pinctrl subsystem
[    5.639113] RTC time: 13:33:10, date: 10/15/18
[    5.640686] NET: Registered protocol family 16
[    5.664307] cpuidle: using governor ladder
[    5.692020] cpuidle: using governor menu
[    5.700362] PCCT header not found.
[    5.702224] ACPI: bus type PCI registered
[    5.705574] acpiphp: ACPI Hot Plug PCI Controller Driver version: 0.5
[    5.724804] PCI: Using configuration type 1 for base access
[    5.746904] ACPI: Added _OSI(Module Device)
[    5.751143] ACPI: Added _OSI(Processor Device)
[    5.758637] ACPI: Added _OSI(3.0 _SCP Extensions)
[    5.778705] ACPI: Added _OSI(Processor Aggregator Device)
[    5.807895] ACPI: Executed 1 blocks of module-level executable AML code
[    5.827907] ACPI: Interpreter enabled
[    5.848341] ACPI: (supports S0 S5)
[    5.849466] ACPI: Using IOAPIC for interrupt routing
[    5.851426] PCI: Using host bridge windows from ACPI; if necessary, use "pci=nocrs" and report a bug
[    5.891824] ACPI: PCI Root Bridge [PCI0] (domain 0000 [bus 00-ff])
[    5.914542] acpi PNP0A03:00: _OSC: OS supports [ASPM ClockPM Segments MSI]
[    5.942958] acpi PNP0A03:00: _OSC: not requesting OS control; OS requires [ExtendedConfig ASPM ClockPM MSI]
[    5.956381] acpi PNP0A03:00: fail to add MMCONFIG information, can't access extended PCI configuration space under this bridge.
[    5.968144] PCI host bridge to bus 0000:00
[    5.969431] pci_bus 0000:00: root bus resource [io  0x0000-0x0cf7 window]
[    5.986933] pci_bus 0000:00: root bus resource [io  0x0d00-0xffff window]
[    6.002793] pci_bus 0000:00: root bus resource [mem 0x000a0000-0x000bffff window]
[    6.011115] pci_bus 0000:00: root bus resource [mem 0x40000000-0xfdffffff window]
[    6.047229] pci_bus 0000:00: root bus resource [bus 00-ff]
[    6.074775] pci 0000:00:01.1: legacy IDE quirk: reg 0x10: [io  0x01f0-0x01f7]
[    6.102008] pci 0000:00:01.1: legacy IDE quirk: reg 0x14: [io  0x03f6]
[    6.114910] pci 0000:00:01.1: legacy IDE quirk: reg 0x18: [io  0x0170-0x0177]
[    6.131013] pci 0000:00:01.1: legacy IDE quirk: reg 0x1c: [io  0x0376]
[    6.172947] pci 0000:00:07.0: quirk: [io  0x4000-0x403f] claimed by PIIX4 ACPI
[    6.196081] pci 0000:00:07.0: quirk: [io  0x4100-0x410f] claimed by PIIX4 SMB
[    6.226534] ACPI: PCI Interrupt Link [LNKA] (IRQs 5 9 10 *11)
[    6.246046] ACPI: PCI Interrupt Link [LNKB] (IRQs 5 9 *10 11)
[    6.250835] ACPI: PCI Interrupt Link [LNKC] (IRQs 5 *9 10 11)
[    6.267006] ACPI: PCI Interrupt Link [LNKD] (IRQs 5 9 10 *11)
[    6.271242] ACPI: Enabled 2 GPEs in block 00 to 07
[    6.289826] vgaarb: setting as boot device: PCI:0000:00:02.0
[    6.307148] vgaarb: device added: PCI:0000:00:02.0,decodes=io+mem,owns=io+mem,locks=none
[    6.331408] vgaarb: loaded
[    6.337011] vgaarb: bridge control possible 0000:00:02.0
[    6.351548] SCSI subsystem initialized
[    6.375736] ACPI: bus type USB registered
[    6.394807] usbcore: registered new interface driver usbfs
[    6.421549] usbcore: registered new interface driver hub
[    6.441923] usbcore: registered new device driver usb
[    6.454194] PCI: Using ACPI for IRQ routing
[    6.466142] NetLabel: Initializing
[    6.467193] NetLabel:  domain hash size = 128
[    6.468479] NetLabel:  protocols = UNLABELED CIPSOv4
[    6.469979] NetLabel:  unlabeled traffic allowed by default
[    6.519611] amd_nb: Cannot enumerate AMD northbridges
[    6.539725] clocksource: Switched to clocksource kvm-clock
[    6.565785] AppArmor: AppArmor Filesystem Enabled
[    6.573338] pnp: PnP ACPI init
[    6.581054] pnp: PnP ACPI: fnd 3 devices
[   .665750] clockource: acpi_pm: mask: 0xffffff max_cycls: 0xffffff, max_idle_ns: 208570024 ns
[    6.811210] NE: Registered protocol family 2

[    6.847927] TCP established hash table entries: 8192 (order: 4, 65536 bytes)
[    6.850015] TCP bind hash table entries: 8192 (order: 5, 131072 bytes)
[    6.851819] TCP: Hash tables configured (established 8192 bind 8192)
[    6.853679] UDP hash table entries: 512 (order: 2, 16384 bytes)
[    6.855692] UDP-Lite hash table entries: 512 (order: 2, 16384 bytes)
[    6.857362] NET: Rgiteedroocl amly 1
[    7.084936] pci 0000:00:00.0: Limiting direct PCI/PCI transfers
[    7.086848] pci 0000:00:01.0: Activating ISA DMA hang workarounds
[    7.088505] Unpacking initramfs...

[    7.346889] Freeing initrd memory: 14788K
[    7.392348] RAPL PMU detected, API unit is 2^-32 Joules, 4 fixed counters 10737418240 ms ovfl timer
[    7.428534] hw unit of domain pp0-core 2^-0 Joules
[    7.429870] hw unit of domain package 2^-0 Joules
[    7.457782] hw unit of domain dram 2^-0 Joules
[    7.498025] hw unit of domain pp1-gpu 2^-0 Joules
[    7.508348] platform rtc_cmos: registered platform RTC device (no PNP device found)
[    7.588418] Scanning for low memory corruption every 60 seconds
[    7.657601] audit: initializing netlink subsys (disabled)
[    7.720351] audit: type=2000 audit(1539610392.319:1): initialized
[    7.722619] Initialise system trusted keyring
[    7.726014] HugeTLB registered 2 MB page size, pre-allocated 0 pages
[    7.748664] zbud: loaded
[    7.794419] VFS: Disk quotas dquot_6.6.0
[    7.825294] VFS: Dquot-cache hash table entries: 512 (order 0, 4096 bytes)
[    7.827511] squashfs: version 4.0 (2009/01/31) Phillip Lougher
[    7.848266] fuse init (API version 7.23)
[    7.878880] Key type big_key registered
[    7.887348] Allocating IMA MOK and blacklist keyrings.
[    7.891991] Key type asymmetric registered
[    7.901982] Asymmetric key parser 'x509' registered
[    7.910903] Block layer SCSI generic (bsg) driver version 0.4 loaded (major 249)
[    7.918618] io scheduler noop registered
[    7.929262] io scheduler deadline registered (default)
[    7.933731] io scheduler cfq registered
[    7.941063] pci_hotplug: PCI Hot Plug PCI Core version: 0.5
[    7.957725] pciehp: PCI Express Hot Plug Controller Driver version: 0.4
[    7.962370] ACPI: AC Adapter [AC] (on-line)
[    7.973520] input: Power Button as /devices/LNXSYSTM:00/LNXPWRBN:00/input/input0
[    8.045059] ACPI: Power Button [PWRF]
[    8.071756] input: Sleep Button as /devices/LNXSYSTM:00/LNXSLPBN:00/input/input1
[    8.074405] ACPI: Sleep Button [SLPF]
[    8.109919] ACPI: Battery Slot [BAT0] (battery present)
[    8.133343] GHES: HEST is not enabled!
[    8.141456] Serial: 8250/16550 driver, 32 ports, IRQ sharing enabled
[    8.225409] 00:02: ttyS0 at I/O 0x3f8 (irq = 4, base_baud = 115200) is a 16550A
[    8.268909] Linux agpgart interface v0.103
[    8.276273] loop: module loaded
[    8.294610] scsi host0: ata_piix
[    8.313077] scsi host1: ata_piix
[    8.314410] ata1: PATA max UDMA/33 cmd 0x1f0 ctl 0x3f6 bmdma 0xd000 irq 14
[    8.316248] ata2: PATA max UDMA/33 cmd 0x170 ctl 0x376 bmdma 0xd008 irq 15
[    8.318085] libphy: Fixed MDIO Bus: probed
[    8.327227] tun: Universal TUN/TAP device driver, 1.6
[    8.384249] tun: (C) 1999-2004 Max Krasnyansky <maxk@qualcomm.com>
[    8.457735] PPP generic driver version 2.4.2
[    8.504338] ehci_hcd: USB 2.0 'Enhanced' Host Controller (EHCI) Driver
[    8.564885] tsc: Refined TSC clocksource calibration: 1601.355 MHz
[    8.607871] clocksource: tsc: mask: 0xffffffffffffffff max_cycles: 0x1715250c9a5, max_idle_ns: 440795250677 ns
[    8.607932] ehci-pci: EHCI PCI platform driver
[    8.607966] ehci-platform: EHCI generic platform driver
[    8.607979] ohci_hcd: USB 1.1 'Open' Host Controller (OHCI) Driver
[    8.607984] ohci-pci: OHCI PCI platform driver
[    8.607993] ohci-platform: OHCI generic platform driver
[    8.608001] uhci_hcd: USB Universal Host Controller Interface driver
[    8.608071] i8042: PNP: PS/2 Controller [PNP0303:PS2K,PNP0f03:PS2M] at 0x60,0x64 irq 1,12
[    8.608591] serio: i8042 KBD port at 0x60,0x64 irq 1
[    8.608596] serio: i8042 AUX port at 0x60,0x64 irq 12
[    8.644281] mousedev: PS/2 mouse device common for all mice
[    8.644784] input: AT Translated Set 2 keyboard as /devices/platform/i8042/serio0/input/input2
[    8.645210] rtc_cmos rtc_cmos: rtc core: registered rtc_cmos as rtc0
[    8.645299] rtc_cmos rtc_cmos: alarms up to one day, 114 bytes nvram
[    8.645306] i2c /dev entries driver
[    8.645366] device-mapper: uevent: version 1.0.3
[    8.645423] device-mapper: ioctl: 4.34.0-ioctl (2015-10-28) initialised: dm-devel@redhat.com
[    8.645445] ledtrig-cpu: registered to indicate activity on CPUs
[    8.645751] NET: Registered protocol family 10
[    8.645903] NET: Registered protocol family 17
[    8.645917] Key type dns_resolver registered
[    8.646161] registered taskstats version 1
[    8.646174] Loading compiled-in X.509 certificates
[    8.646879] Loaded X.509 cert 'Build time autogenerated kernel key: 20acc96b50ca7641011eace69d32209215a9b56f'
[    8.646897] zswap: loaded using pool lzo/zbud
[    8.648821] Key type trusted registered
[    8.651485] Key type encrypted registered
[    8.651491] AppArmor: AppArmor sha1 policy hashing enabled
[    8.651494] ima: No TPM chip found, activating TPM-bypass!
[    8.651498] ima: Allocated hash algorithm: sha1
[    8.651513] evm: HMAC attrs: 0x1
[    8.651850]   Magic number: 6:559:584
[    8.655375] rtc_cmos rtc_cmos: setting system clock to 2018-10-15 13:33:14 UTC (1539610394)
[    8.655493] BIOS EDD facility v0.16 2004-Jun-25, 0 devices found
[    8.655494] EDD information not available.
[    8.816479] Freeing unused kernel memory: 1528K
[    9.799952] Write protecting the kernel read-only data: 14336k
[    9.828419] Freeing unused kernel memory: 1672K
[    9.841951] Freeing unused kernel memory: 92K
Loading, please wait...
starting version[    9.868592] random: systemd-udevd: uninitialized urandom read (16 bytes read, 7 bits of entropy available)
 229
[    9.869188] random: udevadm: uninitialized urandom read (16 bytes read, 7 bits of entropy available)
[    9.869213] random: udevadm: uninitialized urandom read (16 bytes read, 7 bits of entropy available)
[    9.878727] random: udevadm: uninitialized urandom read (16 bytes read, 7 bits of entropy available)
[    9.878775] random: udevadm: uninitialized urandom read (16 bytes read, 7 bits of entropy available)
[    9.878918] random: udevadm: uninitialized urandom read (16 bytes read, 7 bits of entropy available)
[    9.878973] random: udevadm: uninitialized urandom read (16 bytes read, 7 bits of entropy available)
[    9.879023] random: udevadm: uninitialized urandom read (16 bytes read, 7 bits of entropy available)
[    9.879075] random: udevadm: uninitialized urandom read (16 bytes read, 7 bits of entropy available)
[    9.879127] random: udevadm: uninitialized urandom read (16 bytes read, 7 bits of entropy available)
[    9.947563] e1000: Intel(R) PRO/1000 Network Driver - version 7.3.21-k8-NAPI
[    9.958850] e1000: Copyright (c) 1999-2006 Intel Corporation.
[    9.961984] Fusion MPT base driver 3.04.20
[    9.974192] Copyright (c) 1999-2008 LSI Corporation
[    9.981648] Fusion MPT SPI Host driver 3.04.20
[   10.000256] AVX2 version of gcm_enc/dec engaged.
[   10.001675] AES CTR mode by8 optimization enabled
[   10.204939] input: ImExPS/2 Generic Explorer Mouse as /devices/platform/i8042/serio1/input/input4
[   10.362550] e1000 0000:00:03.0 eth0: (PCI:33MHz:32-bit) 02:28:89:27:00:51
[   10.373941] e1000 0000:00:03.0 eth0: Intel(R) PRO/1000 Network Connection
[   10.385421] mptbase: ioc0: Initiating bringup
[   10.857434] ioc0: LSI53C1030 A0: Capabilities={Initiator}
[   12.796413] scsi host2: ioc0: LSI53C1030 A0, FwRev=00000000h, Ports=1, MaxQ=256, IRQ=20
[   14.569630] scsi 2:0:0:0: Direct-Access     VBOX     HARDDISK         1.0  PQ: 0 ANSI: 5
[   14.574722] scsi target2:0:0: Beginning Domain Validation
[   14.580581] scsi target2:0:0: Domain Validation skipping write tests
[   14.582235] scsi target2:0:0: Ending Domain Validation
[   14.583823] scsi target2:0:0: asynchronous
[   14.604073] scsi 2:0:1:0: Direct-Access     VBOX     HARDDISK         1.0  PQ: 0 ANSI: 5
[   14.664019] scsi target2:0:1: Beginning Domain Validation
[   14.683600] scsi target2:0:1: Domain Validation skipping write tests
[   14.686607] scsi target2:0:1: Ending Domain Validation
[   14.693617] scsi target2:0:1: asynchronous
[   14.708865] sd 2:0:0:0: Attached scsi generic sg0 type 0
[   14.710585] sd 2:0:0:0: [sda] 20971520 512-byte logical blocks: (10.7 GB/10.0 GiB)
[   14.713326] sd 2:0:1:0: Attached scsi generic sg1 type 0
[   14.715312] sd 2:0:1:0: [sdb] 20480 512-byte logical blocks: (10.5 MB/10.0 MiB)
[   14.718694] sd 2:0:0:0: [sda] Write Protect is off
[   14.725860] sd 2:0:0:0: [sda] Incomplete mode parameter data
[   14.727301] sd 2:0:0:0: [sda] Assuming drive cache: write through
[   14.728786] sd 2:0:1:0: [sdb] Write Protect is off
[   14.730397] sd 2:0:1:0: [sdb] Incomplete mode parameter data
[   14.732122] sd 2:0:1:0: [sdb] Assuming drive cache: write through
[   14.735754]  sda: sda1
[   14.738005] sd 2:0:1:0: [sdb] Attached SCSI disk
[   14.739900] sd 2:0:0:0: [sda] Attached SCSI disk
[   14.972773] e1000 0000:00:08.0 eth1: (PCI:33MHz:32-bit) 08:00:27:54:5b:dc
[   14.989042] e1000 0000:00:08.0 eth1: Intel(R) PRO/1000 Network Connection
[   15.009198] e1000 0000:00:03.0 enp0s3: renamed from eth0
[   15.056559] e1000 0000:00:08.0 enp0s8: renamed from eth1
Begin: Loading essential drivers[   16.427263] md: linear personality registered for level -1
 ... [   16.468278] md: multipath personality registered for level -4
[   16.472565] md: raid0 personality registered for level 0
[   16.477287] md: raid1 personality registered for level 1
[   16.555901] raid6: sse2x1   gen()  8302 MB/s
[   16.643738] raid6: sse2x1   xor()  6012 MB/s
[   16.731920] raid6: sse2x2   gen() 10110 MB/s
[   16.823990] raid6: sse2x2   xor()  6643 MB/s
[   16.891833] raid6: sse2x4   gen()  5992 MB/s
[   16.971737] raid6: sse2x4   xor()  7731 MB/s
[   17.052003] raid6: avx2x1   gen() 15361 MB/s
[   17.136015] raid6: avx2x2   gen() 19115 MB/s
[   17.212032] raid6: avx2x4   gen() 19360 MB/s
[   17.240416] raid6: using algorithm avx2x4 gen() 19360 MB/s
[   17.264691] raid6: using avx2x2 recovery algorithm
[   17.285400] xor: automatically using best checksumming function:
[   17.353483]    avx       : 53715.000 MB/sec
[   17.365552] async_tx: api initialized (async)
[   17.392135] md: raid6 personality registered for level 6
[   17.406129] md: raid5 personality registered for level 5
[   17.421145] md: raid4 personality registered for level 4
[   17.451092] md: raid10 personality registered for level 10
done.
Begin: Running /scripts/init-premount ... done.
Begin: Mounting root file system ... Begin: Running /scripts/local-top ... done.
Begin: Running /scripts/local-premount ... [   17.529029] Btrfs loaded
Scanning for Btrfs filesystems
done.
Warning: fsck not present, so sk[   17.587996] EXT4-fs (sda1): mounted filesystem with ordered data mode. Opts: (null)
ipping root file system
done.
Begin: Running /scripts/local-bottom ... done.
Begin: Running /scripts/init-bottom ... done.
[   17.715773] systemd[1]: systemd 229 running in system mode. (+PAM +AUDIT +SELINUX +IMA +APPARMOR +SMACK +SYSVINIT +UTMP +LIBCRYPTSETUP +GCRYPT +GNUTLS +ACL +XZ -LZ4 +SECCOMP +BLKID +ELFUTILS +KMOD -IDN)
[   17.805366] systemd[1]: Detected virtualization oracle.
[   17.828764] systemd[1]: Detected architecture x86-64.

Welcome to [1mUbuntu 16.04.5 LTS[0m!

[   17.909596] systemd[1]: Set hostname to <ubuntu>.
[   17.931422] systemd[1]: Initializing machine ID from random generator.
[   17.954445] systemd[1]: Installed transient /etc/machine-id file.
[   18.120021] systemd[1]: Listening on Journal Socket.
[[0;32m  OK  [0m] Listening on Journal Socket.
[   18.152443] systemd[1]: Listening on /dev/initctl Compatibility Named Pipe.
[[0;32m  OK  [0m] Listening on /dev/initctl Compatibility Named Pipe.
[   18.183666] systemd[1]: Listening on Syslog Socket.
[[0;32m  OK  [0m] Listening on Syslog Socket.
[   18.258989] systemd[1]: Reached target System Time Synchronized.
[[0;32m  OK  [0m] Reached target System Time Synchronized.
[   18.297407] systemd[1]: Set up automount Arbitrary Executable File Formats File System Automount Point.
[[0;32m  OK  [0m] Set up automount Arbitrary Executab...ats File System Automount Point.
[   18.456477] systemd[1]: Listening on udev Control Socket.
[[0;32m  OK  [0m] Listening on udev Control Socket.
[   18.556738] systemd[1]: Reached target Swap.
[[0;32m  OK  [0m] Reached target Swap.
[   18.628647] systemd[1]: Started Trigger resolvconf update for networkd DNS.
[[0;32m  OK  [0m] Started Trigger resolvconf update for networkd DNS.
[   18.672715] systemd[1]: Listening on Journal Audit Socket.
[[0;32m  OK  [0m] Listening on Journal Audit Socket.
[   18.760094] systemd[1]: Listening on udev Kernel Socket.
[[0;32m  OK  [0m] Listening on udev Kernel Socket.
[   18.816715] systemd[1]: Created slice User and Session Slice.
[[0;32m  OK  [0m] Created slice User and Session Slice.
[   18.856541] systemd[1]: Listening on LVM2 metadata daemon socket.
[[0;32m  OK  [0m] Listening on LVM2 metadata daemon socket.
[   18.941336] systemd[1]: Listening on Device-mapper event daemon FIFOs.
[[0;32m  OK  [0m] Listening on Device-mapper event daemon FIFOs.
[   18.998859] systemd[1]: Reached target User and Group Name Lookups.
[[0;32m  OK  [0m] Reached target User and Group Name Lookups.
[   19.032694] systemd[1]: Started Forward Password Requests to Wall Directory Watch.
[[0;32m  OK  [0m] Started Forward Password Requests to Wall Directory Watch.
[   19.065007] systemd[1]: Listening on Journal Socket (/dev/log).
[[0;32m  OK  [0m] Listening on Journal Socket (/dev/log).
[   19.096178] systemd[1]: Listening on LVM2 poll daemon socket.
[[0;32m  OK  [0m] Listening on LVM2 poll daemon socket.
[   19.132164] systemd[1]: Reached target Encrypted Volumes.
[[0;32m  OK  [0m] Reached target Encrypted Volumes.
[   19.148718] systemd[1]: Created slice System Slice.
[[0;32m  OK  [0m] Created slice System Slice.
[   19.181009] systemd[1]: Starting Create list of required static device nodes for the current kernel...
[   19.182094] random: nonblocking pool is initialized
         Starting Create list of required st... nodes for the current kernel...
[   19.254658] systemd[1]: Reached target Slices.
[[0;32m  OK  [0m] Reached target Slices.
[   19.292574] systemd[1]: Starting Uncomplicated firewall...
         Starting Uncomplicated firewall...
[   19.376716] systemd[1]: Starting Monitoring of LVM2 mirrors, snapshots etc. using dmeventd or progress polling...
         Starting Monitoring of LVM2 mirrors... dmeventd or progress polling...
[   19.408641] systemd[1]: Starting Nameserver information manager...
         Starting Nameserver information manager...
[   19.448086] systemd[1]: Starting Journal Service...
         Starting Journal Service...
[   19.492364] systemd[1]: Mounting Huge Pages File System...
         Mounting Huge Pages File System...
[   19.498480] systemd[1]: Starting Load Kernel Modules...
         Starting Load Kernel Mo[   19.507321] Loading iSCSI transport class v2.0-870.
dules...
[   19.536622] iscsi: registered transport (tcp)
[   19.555961] systemd[1]: Mounting Debug File System...
         Mounting Debug File System...
[   19.559346] systemd[1]: Created slice system-serial\x2dgetty.slice.
[[0;32m  OK  [0m] Created slice system-serial\x2dgetty.slice.
[   19.563887] systemd[1]: Starting Remount Root and Kernel File Systems...
         Starting Remount Root and Kernel File Systems...
[   19.568053] systemd[1]: Starting Set console keymap...
         Startin[   19.575609] EXT4-fs (sda1): re-mounted. Opts: (null)
g Set console keymap...
[   19.635320] systemd[1]: Mounting POSIX Message Queue File System...
         Mounting POSIX Message Queue File System...
[   19.640441] systemd[1]: Mounted Debug File System.
[[0;32m  OK  [0m] Mounted Debug File System.
[   19.648184] systemd[1]: Mounted POSIX Message Queue File System.
[   19.650213] iscsi: registered transport (iser)
[[0;32m  OK  [0m] Mounted POSIX Message Queue File System.
[   20.472426] systemd[1]: Mounted Huge Pages File System.
[[0;32m  OK  [0m] Mounted Huge Pages File System.
[   20.544907] systemd[1]: Started Journal Service.
[[0;32m  OK  [0m] Started Journal Service.
[[0;32m  OK  [0m] Started Create list of required sta...ce nodes for the current kernel.
[[0;32m  OK  [0m] Started Uncomplicated firewall.
[[0;32m  OK  [0m] Started Load Kernel Modules.
[[0;32m  OK  [0m] Started Remount Root and Kernel File Systems.
[[0;32m  OK  [0m] Started Set console keymap.
[[0;32m  OK  [0m] Started Nameserver information manager.
[[0;32m  OK  [0m] Started LVM2 metadata daemon.
         Starting Load/Save Random Seed...
         Starting udev Coldplug all Devices...
         Starting Apply Kernel Variables...
         Mounting FUSE Control File System...
         Starting Create Static Device Nodes in /dev...
         Starting Flush Journal to Persistent Storage...
[[0;32m  OK  [0m] Mounted FUSE Control File System.
[[0;32m  OK  [0m] Started Load/Save Random Seed.
[[0;32m  OK  [0m] Started Apply Kernel Variables.
[[0;32m  OK  [0m] Started Create Static Device Nodes in /dev.
[[0;32m  OK  [0m] Started udev Coldplug all Devices.
[[0;32m  OK  [0m] Started Flush Journal to Persistent Storage.
         Starting udev Kernel Device Manager...
[[0;32m  OK  [0m] Started udev Kernel Device Manager.
[[0;32m  OK  [0m] Started Dispatch Password Requests to Console Directory Watch.
[[0;32m  OK  [0m] Found device /dev/ttyS0.
[[0;32m  OK  [0m] Listening on Load/Save RF Kill Switch Status /dev/rfkill Watch.
[[0;32m  OK  [0m] Started Monitoring of LVM2 mirrors,...ng dmeventd or progress polling.
[[0;32m  OK  [0m] Reached target Local File Systems (Pre).
[[0;32m  OK  [0m] Reached target Local File Systems.
         Starting Commit a transient machine-id on disk...
         Starting Set console font and keymap...
         Starting Tell Plymouth To Write Out Runtime Data...
         Starting Initial cloud-init job (pre-networking)...
         Starting Create Volatile Files and Directories...
         Starting LSB: AppArmor initialization...
[[0;32m  OK  [0m] Started Commit a transient machine-id on disk.
[[0;32m  OK  [0m] Started Tell Plymouth To Write Out Runtime Data.
[[0;32m  OK  [0m] Started Create Volatile Files and Directories.
         Starting Update UTMP about System Boot/Shutdown...
[[0;32m  OK  [0m] Started Update UTMP about System Boot/Shutdown.
[[0;32m  OK  [0m] Started Set console font and keymap.
[[0;32m  OK  [0m] Created slice system-getty.slice.
[[0;32m  OK  [0m] Started LSB: AppArmor initialization.
[   18.566303] cloud-init[636]: Cloud-init v. 18.3-9-g2e62cb8a-0ubuntu1~16.04.2 running 'init-local' at Mon, 15 Oct 2018 13:33:29 +0000. Up 18.08 seconds.
[[0;32m  OK  [0m] Started Initial cloud-init job (pre-networking).
[[0;32m  OK  [0m] Reached target Network (Pre).
         Starting Raise network interfaces...
[[0;32m  OK  [0m] Started Raise network interfaces.
         Starting Initial cloud-init job (metadata service crawler)...
[[0;32m  OK  [0m] Reached target Network.
[   20.343707] cloud-init[942]: Cloud-init v. 18.3-9-g2e62cb8a-0ubuntu1~16.04.2 running 'init' at Mon, 15 Oct 2018 13:33:31 +0000. Up 19.26 seconds.
[   20.350763] cloud-init[942]: ci-info: +++++++++++++++++++++++++++++++++++++Net device info++++++++++++++++++++++++++++++++++++++
[   20.358746] cloud-init[942]: ci-info: +--------+-------+--------------------------+---------------+--------+-------------------+
[   20.362022] cloud-init[942]: ci-info: | Device |   Up  |         Address          |      Mask     | Scope  |     Hw-Address    |
[   20.365219] cloud-init[942]: ci-info: +--------+-------+--------------------------+---------------+--------+-------------------+
[   20.368612] cloud-init[942]: ci-info: | enp0s3 |  True |        10.0.2.15         | 255.255.255.0 | global | 02:28:89:27:00:51 |
[   20.372247] cloud-init[942]: ci-info: | enp0s3 |  True | fe80::28:89ff:fe27:51/64 |       .       |  link  | 02:28:89:27:00:51 |
[   20.375909] cloud-init[942]: ci-info: | enp0s8 | False |            .             |       .       |   .    | 08:00:27:54:5b:dc |
[   20.379368] cloud-init[942]: ci-info: |   lo   |  True |        127.0.0.1         |   255.0.0.0   |  host  |         .         |
[   20.382629] cloud-init[942]: ci-info: |   lo   |  True |         ::1/128          |       .       |  host  |         .         |
[   20.386007] cloud-init[942]: ci-info: +--------+-------+--------------------------+---------------+--------+-------------------+
[   20.390096] cloud-init[942]: ci-info: +++++++++++++++++++++++++++Route IPv4 info++++++++++++++++++++++++++++
[   20.399392] [[0;32m  OK  [0m] Started Initial cloud-init job (metadata service crawler).
[[0;32m  OK  [0m] Reached target Cloud-config availability.
[[0;32m  OK  [0m] Reached target System Initialization.
cloud-init[942]: ci-info: +-------+-------------+----------+---------------+-----------+-------+
[   20.537227] [[0;32m  OK  [0m] Listening on UUID daemon activation socket.
[[0;32m  OK  [0m] Started Daily apt download activities.
cloud-init[942]: ci-info: | Route | Destination | Gateway  |    Genmask    | Interface | Flags |
[   20.615699] [[0;32m  OK  [0m] Listening on D-Bus System Message Bus Socket.
cloud-init[942]: ci-info: +-------+-------------+----------+---------------+-----------+-------+
[   20.655696]          Starting LXD - unix socket.
[[0;32m  OK  [0m] Listening on ACPID Listen Socket.
cloud-init[942]: ci-info: |   0   |   0.0.0.0   | 10.0.2.2 |    0.0.0.0    |   enp0s3  |   UG  |
[   20.708209] [[0;32m  OK  [0m] Started ACPI Events Check.
[[0;32m  OK  [0m] Reached target Paths.
         Starting Socket activation for snappy daemon.
[[0;32m  OK  [0m] Started Daily apt upgrade and clean activities.
[[0;32m  OK  [0m] Started Daily Cleanup of Temporary Directories.
[[0;32m  OK  [0m] Reached target Timers.
[[0;32m  OK  [0m] Reached target Network is Online.
cloud-init[942]: ci-info: |   1   |   10.0.2.0  | 0.0.0.0  | 255.255.255.0 |   enp0s3  |   U   |
[   20.834118]          cloud-initStarting iSCSI initiator daemon (iscsid)...[942]: 
ci-info: +-------+-------------+----------+---------------+-----------+-------+
[   20.940916] [cloud-init[0;32m  OK  [0m[942]: ] ci-info: +++++++++++++++++++Route IPv6 info+++++++++++++++++++Listening on LXD - unix socket.

[   20.997629] [cloud-init[0;32m  OK  [0m[942]: ] ci-info: +-------+-------------+---------+-----------+-------+Listening on Socket activation for snappy daemon.

[   21.012872] cloud-init[942]: ci-info: | Route | Destination | Gateway | Interface | Flags |
[   21.044876] cloud-init[[0;32m  OK  [0m] Started iSCSI initiator daemon (iscsid).
[942]: ci-info: +-------+-------------+---------+-----------+-------+
[   21.049891] cloud-init[942]: ci-info: |   0   |  fe80::/64  |    ::   |   enp0s3  |   U   |
         Starting Login to default iSCSI targets...
[[0;32m  OK  [0m] Reached target Sockets.
[[0;32m  OK  [0m] Reached target Basic System.
[   21.089286] cloud-init[942]: ci-info: |   3   |   ff00::/8  |    ::   |   enp0s3  |   U   |
[   21.157273] [[0;32m  OK  [0m] Started D-Bus System Message Bus.
cloud-init[942]: ci-info: +-------+-------------+---------+-----------+-------+
[   21.179077] cloud-init[942]: Generating public/private rsa key pair.
[   21.185641] cloud-init[942]: Your identification has been saved in /etc/ssh/ssh_host_rsa_key.
[   21.189460] cloud-init[942]: Your public key has been saved in /etc/ssh/ssh_host_rsa_key.pub.
[   21.198988] cloud-init[942]: The key fingerprint is:
[   21.200504] cloud-init[942]: SHA256:v3BPQ27w5t+TNdfq/qdc/N1/Eb1RmCq51cStbZ4Wv+o root@ubuntu-xenial
[   21.202969] cloud-init[942]: The key's randomart image is:
[   21.207170]          cloud-initStarting Virtualbox guest utils...[942]: 
+---[RSA 2048]----+
         Starting LSB: MD monitoring daemon...
[   21.239357] cloud-init[942]: |             . + |
[   21.268377] cloud-init[942]: |              = o|
[[0;32m  OK  [0m] Started Deferred execution scheduler.
[   21.295416] cloud-init[942]: |           . + oo|
[[0;32m  OK  [0m] Started FUSE filesystem for LXC.
[   21.351037] cloud-init[942]: |          o o o++|
[   21.417183] cloud-init[942]: |        S .+.  oO|
[[0;32m  OK  [0m] Started ACPI event daemon.
[[0;32m  OK  [0m] Started Unattended Upgrades Shutdown.
[   21.455533] cloud-init[942]: |         ..=   B*|
[   21.484314] cloud-init[942]: |        . o B ..X|
[   21.496449] cloud-init[942]: |         o B o.**|
         Starting Accounts Service...
         Starting System Logging Service...
         Starting /etc/rc.local Compatibility...
[   21.498595] cloud-init[942]: |          . +EBo%|
         Starting LXD - container startup/shutdown...
[   21.520569] cloud-init[942]: +----[SHA256]-----+
[   21.552463] cloud-init[942]: Generating public/private dsa key pair.
[[0;32m  OK  [0m] Started Regular background program processing daemon.
[   21.612277] cloud-init[942]: Your identification has been saved in /etc/ssh/ssh_host_dsa_key.
[   21.650977]          cloud-initStarting Login Service...[942]: 
Your public key has been saved in /etc/ssh/ssh_host_dsa_key.pub.
[   21.681436]          cloud-initStarting LSB: Record successful boot for GRUB...
[942]: The key fingerprint is:
         Starting Pollinate to seed the pseudo random number generator...
[   21.760128] cloud-init[942]: SHA256:vEjGJfUy/jZ12WZ5d9ZZqb9K2vV2BZZGDnjNqQ1R5dI root@ubuntu-xenial
[   21.872538]          cloud-initStarting Snappy daemon...[942]: 
The key's randomart image is:
[   21.905898] cloud-init[942]: +---[DSA 1024]----+
[[0;32m  OK  [0m] Started System Logging Service.
[   21.906733] [[0;32m  OK  [0m] Started /etc/rc.local Compatibility.
cloud-init[942]: |        .  ..=.o.|
[   21.959633] cloud-init[942]: |       . .. + =o.|
[[0;32m  OK  [0m] Started LXD - container startup/shutdown.
[   21.961263] cloud-init[942]: |      . + .. B.oE|
[   22.027476] cloud-init[942]: |     . = o  . O+=|
[   22.038326] cloud-init[942]: |      + S   .+o+X|
[   22.046445] cloud-init[942]: |     o . o . ..+=|
[   22.060290] cloud-init[942]: |      . . +  . o.|
[   22.067383] cloud-init[942]: |         . .+ . =|
[   22.077474] cloud-init[942]: |           . o.oo|
[   22.087095] cloud-init[942]: +----[SHA256]-----+
[   22.096895] cloud-init[942]: Generating public/private ecdsa key pair.
[   22.111481] cloud-init[942]: Your identification has been saved in /etc/ssh/ssh_host_ecdsa_key.
[   22.115331] cloud-init[942]: Your public key has been saved in /etc/ssh/ssh_host_ecdsa_key.pub.
[   22.121623] cloud-init[942]: The key fingerprint is:
[   22.160908] cloud-init[942]: SHA256:zB3cFY7cZxk3vV2dZgDc6vbz2V+1Dp3hLZR98H1+PQw root@ubuntu-xenial
[   22.163049] cloud-init[942]: The key's randomart image is:
[   22.165482] cloud-init[942]: +---[ECDSA 256]---+
[   22.166475] cloud-init[942]: |          ..o.++=|
[   22.167025] cloud-init[942]: |         . + * +O|
[[0;32m  OK  [0m] Started Login to default iSCSI targets.
[   22.169207] cloud-init[942]: |          o = *.*|
[   22.201473] cloud-init[942]: |       o . o   Oo|
[   22.223852] cloud-init[942]: |        S o  Eo.B|
[   22.255314] cloud-init[942]: |           o .=.X|
[   22.270533] cloud-init[942]: |          . ...B*|
[   22.280517] cloud-init[942]: |             oo.*|
[   22.296964] cloud-init[942]: |              o++|
[   22.297249] cloud-init[942]: +----[SHA256]-----+
[[0;32m  OK  [0m] Started LSB: MD monitoring daemon.
[[   22.297844] cloud-init[942]: Generating public/private ed25519 key pair.
[0;32m  OK  [0m] Started Virtualbox guest utils.
[   22.414467] cloud-init[942]: Your identification has been saved in /etc/ssh/ssh_host_ed25519_key.
[[   22.448296] cloud-init[942]: Your public key has been saved in /etc/ssh/ssh_host_ed25519_key.pub.
[0;32m  OK  [0m] Started LSB: Record successful boot for GRUB.
[[0;32m  OK  [0m] Started Pollinate to seed the pseudo random number generator.
[   22.449799] cloud-init[942]: The key fingerprint is:
[   22.504496] [[0;32m  OK  [0m] Started Snappy daemon.
cloud-init[942]: SHA256:Y7DiBrW8AcuWFaR+6VJSYnz8jdna3D7IvPAdI5sUGs4 root@ubuntu-xenial
[   22.514511] cloud-init[942]: The key's randomart image is:
[   22.517149] cloud-init[942]: +--[ED25519 256]--+
[   22.519820] cloud-init[942]: |   .o            |
[   22.525422] cloud-init[942]: | . o .           |
         Starting Wait until snapd is fully seeded...
[   22.550275] cloud-init[942]: |  * * .          |
         Starting OpenBSD Secure Shell server...
[   22.582804] cloud-init[942]: | + @ + B         |
[   22.597862] cloud-init[942]: |  O O * S        |
         Starting Authenticate and Authorize Users to Run Privileged Tasks...
[[0;32m  OK  [0m] Reached target Remote File Systems (Pre).
[[0;32m  OK  [0m] Reached target Remote File Systems.
[   22.606966] cloud-init[942]: | . B * B +       |
[   22.656613]          cloud-initStarting LSB: automatic crash report generation...[942]: |  . = Eo=.+      |

[   22.658273] cloud-init[942]: |   o   ++*.o     |
[   22.687001] cloud-init[942]: |        =.o.     |
         Starting LSB: Set the CPU Frequency Scaling governor to "ondemand"...
         Starting Permit User Sessions...
         Starting LSB: daemon to balance interrupts for SMP systems...
[   22.721926] cloud-init[942]: +----[SHA256]-----+
[[0;32m  OK  [0m] Started OpenBSD Secure Shell server.
[[0;32m  OK  [0m] Started Permit User Sessions.
[[0;32m  OK  [0m] Started Login Service.
[[0;32m  OK  [0m] Started Authenticate and Authorize Users to Run Privileged Tasks.
[[0;32m  OK  [0m] Started Accounts Service.
         Starting Terminate Plymouth Boot Screen...
         Starting Hold until boot process finishes up...
[[0;32m  OK  [0m] Started LSB: automatic crash report generation.
[[0;32m  OK  [0m] Started LSB: Set the CPU Frequency Scaling governor to "ondemand".
[[0;32m  OK  [0m] Started LSB: daemon to balance interrupts for SMP systems.
[[0;32m  OK  [0m] Started Terminate Plymouth Boot Screen.
[[0;32m  OK  [0m] Started Hold until boot process finishes up.
[[0;32m  OK  [0m] Created slice User Slice of vagrant.
         Starting User Manager for UID 1000...
[[0;32m  OK  [0m] Started Session 1 of user vagrant.
[[0;32m  OK  [0m] Started Getty on tty1.
[[0;32m  OK  [0m] Started Serial Getty on ttyS0.
[[0;32m  OK  [0m] Reached target Login Prompts.
         Starting Set console scheme...
[[0;32m  OK  [0m] Started User Manager for UID 1000.
[[0;32m  OK  [0m] Started Set console scheme.
[[0;32m  OK  [0m] Started Wait until snapd is fully seeded.
[[0;32m  OK  [0m] Reached target Multi-User System.
[[0;32m  OK  [0m] Reached target Graphical Interface.
         Starting Update UTMP about System Runlevel Changes...
         Starting Apply the settings specified in cloud-config...
[[0;32m  OK  [0m] Started Update UTMP about System Runlevel Changes.
[   24.502581] cloud-init[1349]: Generating locales (this might take a while)...
         Stopping User Manager for UID 1000...
[[0;32m  OK  [0m] Stopped User Manager for UID 1000.
[[0;32m  OK  [0m] Removed slice User Slice of vagrant.
[[0;32m  OK  [0m] Created slice User Slice of vagrant.
         Starting User Manager for UID 1000...
[[0;32m  OK  [0m] Started Session 2 of user vagrant.
[[0;32m  OK  [0m] Started User Manager for UID 1000.
[   25.801207] cloud-init[1349]:   en_US.UTF-8... done
[   25.848821] cloud-init[1349]: Generation complete.
[   26.566257] cloud-init[1349]: Cloud-init v. 18.3-9-g2e62cb8a-0ubuntu1~16.04.2 running 'modules:config' at Mon, 15 Oct 2018 13:33:36 +0000. Up 24.25 seconds.
[[0;32m  OK  [0m] Started Apply the settings specified in cloud-config.
         Starting Execute cloud user/final scripts...
ci-info: no authorized ssh keys fingerprints found for user ubuntu.
<14>Oct 15 13:33:39 ec2: 
<14>Oct 15 13:33:39 ec2: #############################################################
<14>Oct 15 13:33:39 ec2: -----BEGIN SSH HOST KEY FINGERPRINTS-----
<14>Oct 15 13:33:39 ec2: 1024 SHA256:vEjGJfUy/jZ12WZ5d9ZZqb9K2vV2BZZGDnjNqQ1R5dI root@ubuntu-xenial (DSA)
<14>Oct 15 13:33:39 ec2: 256 SHA256:zB3cFY7cZxk3vV2dZgDc6vbz2V+1Dp3hLZR98H1+PQw root@ubuntu-xenial (ECDSA)
<14>Oct 15 13:33:39 ec2: 256 SHA256:Y7DiBrW8AcuWFaR+6VJSYnz8jdna3D7IvPAdI5sUGs4 root@ubuntu-xenial (ED25519)
<14>Oct 15 13:33:39 ec2: 2048 SHA256:v3BPQ27w5t+TNdfq/qdc/N1/Eb1RmCq51cStbZ4Wv+o root@ubuntu-xenial (RSA)
<14>Oct 15 13:33:39 ec2: -----END SSH HOST KEY FINGERPRINTS-----
<14>Oct 15 13:33:39 ec2: #############################################################
-----BEGIN SSH HOST KEY KEYS-----
ecdsa-sha2-nistp256 AAAAE2VjZHNhLXNoYTItbmlzdHAyNTYAAAAIbmlzdHAyNTYAAABBBCgBC1HouPynj8H7NfHk0ALjz1VIev/CWwYFJevGKlEmNXWxFNJkLwnyi9A0iPfOjAJV0qnjoqNuMiE27PMBHbA= root@ubuntu-xenial
ssh-ed25519 AAAAC3NzaC1lZDI1NTE5AAAAINr0wtOJYx2M8pYfzg9iEa/9pJcbWeVLxvZk1pZtAzXG root@ubuntu-xenial
ssh-rsa AAAAB3NzaC1yc2EAAAADAQABAAABAQCpbWLenVlc/nCcAQZ/KfYEafNk81mtr6U73AhggQd8oK0FdjDoOsJEgN3sJdnI12Tp4siCTNLBNuj1v+N7NFq0T2OXaZQWuZ49h9JN0j5zERWrvTDxJMS9nTc+lO5CR+feRsomkvGA1/eKY4teWEm+nUZRp0oY+8B/dubnQ6L8F4MN3369Kvl2tGiMAildFv9yFJKjvlMNVFHWl3ogp2bIq3edueHj62qyCuqifvZc/MLCc0YSNp9Cle9eesNlG537NFiWRP8051+tgvBPdE2v/QRnhqRGLYXvHORRvMXzAmAEtPsbTKNeP/VIh2TQNTh2lMBf8USFiOakjI+HbCB3 root@ubuntu-xenial
-----END SSH HOST KEY KEYS-----
[   28.097887] cloud-init[1559]: Cloud-init v. 18.3-9-g2e62cb8a-0ubuntu1~16.04.2 running 'modules:final' at Mon, 15 Oct 2018 13:33:38 +0000. Up 27.00 seconds.
[   28.113330] cloud-init[1559]: ci-info: no authorized ssh keys fingerprints found for user ubuntu.
[   28.132153] cloud-init[1559]: Cloud-init v. 18.3-9-g2e62cb8a-0ubuntu1~16.04.2 finished at Mon, 15 Oct 2018 13:33:39 +0000. Datasource DataSourceNoCloud [seed=/dev/sdb][dsmode=net].  Up 28.09 seconds

Ubuntu 16.04.5 LTS ubuntu-xenial ttyS0

ubuntu-xenial login: 